{"/Users/dhananjaypawar/Documents/Snehal/SFSU/Fall 2022/CSC 0890 graduate seminar/code/csc890-03-fa22-team04/applications/client/src/App.jsx": {"path":"/Users/dhananjaypawar/Documents/Snehal/SFSU/Fall 2022/CSC 0890 graduate seminar/code/csc890-03-fa22-team04/applications/client/src/App.jsx","statementMap":{"0":{"start":{"line":19,"column":27},"end":{"line":19,"column":42}},"1":{"start":{"line":20,"column":16},"end":{"line":37,"column":1}},"2":{"start":{"line":21,"column":2},"end":{"line":36,"column":3}},"3":{"start":{"line":38,"column":12},"end":{"line":51,"column":1}},"4":{"start":{"line":40,"column":28},"end":{"line":40,"column":61}},"5":{"start":{"line":41,"column":2},"end":{"line":50,"column":4}}},"fnMap":{"0":{"name":"(anonymous_0)","decl":{"start":{"line":20,"column":16},"end":{"line":20,"column":17}},"loc":{"start":{"line":20,"column":22},"end":{"line":37,"column":1}},"line":20},"1":{"name":"(anonymous_1)","decl":{"start":{"line":38,"column":12},"end":{"line":38,"column":13}},"loc":{"start":{"line":38,"column":18},"end":{"line":51,"column":1}},"line":38}},"branchMap":{},"s":{"0":4,"1":4,"2":0,"3":4,"4":0,"5":0},"f":{"0":0,"1":0},"b":{},"_coverageSchema":"1a1c01bbd47fc00a2c39e90264f33305004495a9","hash":"fd44746848f8ebb2c91b626506b8bc43e6566c4d"}
,"/Users/dhananjaypawar/Documents/Snehal/SFSU/Fall 2022/CSC 0890 graduate seminar/code/csc890-03-fa22-team04/applications/client/src/index.js": {"path":"/Users/dhananjaypawar/Documents/Snehal/SFSU/Fall 2022/CSC 0890 graduate seminar/code/csc890-03-fa22-team04/applications/client/src/index.js","statementMap":{"0":{"start":{"line":7,"column":13},"end":{"line":7,"column":65}},"1":{"start":{"line":8,"column":0},"end":{"line":12,"column":2}},"2":{"start":{"line":17,"column":0},"end":{"line":17,"column":18}}},"fnMap":{},"branchMap":{},"s":{"0":0,"1":0,"2":0},"f":{},"b":{}}
,"/Users/dhananjaypawar/Documents/Snehal/SFSU/Fall 2022/CSC 0890 graduate seminar/code/csc890-03-fa22-team04/applications/client/src/reportWebVitals.js": {"path":"/Users/dhananjaypawar/Documents/Snehal/SFSU/Fall 2022/CSC 0890 graduate seminar/code/csc890-03-fa22-team04/applications/client/src/reportWebVitals.js","statementMap":{"0":{"start":{"line":1,"column":24},"end":{"line":11,"column":1}},"1":{"start":{"line":2,"column":2},"end":{"line":10,"column":3}},"2":{"start":{"line":3,"column":4},"end":{"line":9,"column":7}},"3":{"start":{"line":4,"column":6},"end":{"line":4,"column":26}},"4":{"start":{"line":5,"column":6},"end":{"line":5,"column":26}},"5":{"start":{"line":6,"column":6},"end":{"line":6,"column":26}},"6":{"start":{"line":7,"column":6},"end":{"line":7,"column":26}},"7":{"start":{"line":8,"column":6},"end":{"line":8,"column":27}}},"fnMap":{"0":{"name":"(anonymous_0)","decl":{"start":{"line":1,"column":24},"end":{"line":1,"column":25}},"loc":{"start":{"line":1,"column":39},"end":{"line":11,"column":1}},"line":1},"1":{"name":"(anonymous_1)","decl":{"start":{"line":3,"column":30},"end":{"line":3,"column":31}},"loc":{"start":{"line":3,"column":79},"end":{"line":9,"column":5}},"line":3}},"branchMap":{"0":{"loc":{"start":{"line":2,"column":2},"end":{"line":10,"column":3}},"type":"if","locations":[{"start":{"line":2,"column":2},"end":{"line":10,"column":3}},{"start":{},"end":{}}],"line":2},"1":{"loc":{"start":{"line":2,"column":6},"end":{"line":2,"column":52}},"type":"binary-expr","locations":[{"start":{"line":2,"column":6},"end":{"line":2,"column":17}},{"start":{"line":2,"column":21},"end":{"line":2,"column":52}}],"line":2}},"s":{"0":0,"1":0,"2":0,"3":0,"4":0,"5":0,"6":0,"7":0},"f":{"0":0,"1":0},"b":{"0":[0,0],"1":[0,0]}}
,"/Users/dhananjaypawar/Documents/Snehal/SFSU/Fall 2022/CSC 0890 graduate seminar/code/csc890-03-fa22-team04/applications/client/src/components/CardDisplay.js": {"path":"/Users/dhananjaypawar/Documents/Snehal/SFSU/Fall 2022/CSC 0890 graduate seminar/code/csc890-03-fa22-team04/applications/client/src/components/CardDisplay.js","statementMap":{"0":{"start":{"line":6,"column":45},"end":{"line":6,"column":55}},"1":{"start":{"line":7,"column":4},"end":{"line":25,"column":6}}},"fnMap":{"0":{"name":"(anonymous_0)","decl":{"start":{"line":5,"column":2},"end":{"line":5,"column":3}},"loc":{"start":{"line":5,"column":11},"end":{"line":26,"column":3}},"line":5}},"branchMap":{},"s":{"0":30,"1":30},"f":{"0":30},"b":{},"_coverageSchema":"1a1c01bbd47fc00a2c39e90264f33305004495a9","hash":"5156e1fca941ec4dd528053eb966bfa23de3ee12"}
,"/Users/dhananjaypawar/Documents/Snehal/SFSU/Fall 2022/CSC 0890 graduate seminar/code/csc890-03-fa22-team04/applications/client/src/components/Navbar.js": {"path":"/Users/dhananjaypawar/Documents/Snehal/SFSU/Fall 2022/CSC 0890 graduate seminar/code/csc890-03-fa22-team04/applications/client/src/components/Navbar.js","statementMap":{"0":{"start":{"line":9,"column":19},"end":{"line":129,"column":1}},"1":{"start":{"line":10,"column":30},"end":{"line":10,"column":53}},"2":{"start":{"line":11,"column":34},"end":{"line":11,"column":46}},"3":{"start":{"line":13,"column":19},"end":{"line":13,"column":32}},"4":{"start":{"line":15,"column":24},"end":{"line":38,"column":3}},"5":{"start":{"line":16,"column":4},"end":{"line":37,"column":5}},"6":{"start":{"line":17,"column":18},"end":{"line":24,"column":8}},"7":{"start":{"line":25,"column":19},"end":{"line":25,"column":35}},"8":{"start":{"line":26,"column":6},"end":{"line":26,"column":33}},"9":{"start":{"line":27,"column":6},"end":{"line":27,"column":48}},"10":{"start":{"line":28,"column":6},"end":{"line":28,"column":41}},"11":{"start":{"line":30,"column":6},"end":{"line":33,"column":7}},"12":{"start":{"line":31,"column":22},"end":{"line":31,"column":42}},"13":{"start":{"line":32,"column":8},"end":{"line":32,"column":20}},"14":{"start":{"line":35,"column":6},"end":{"line":35,"column":25}},"15":{"start":{"line":36,"column":6},"end":{"line":36,"column":20}},"16":{"start":{"line":40,"column":2},"end":{"line":41,"column":14}},"17":{"start":{"line":43,"column":2},"end":{"line":45,"column":8}},"18":{"start":{"line":44,"column":4},"end":{"line":44,"column":20}},"19":{"start":{"line":47,"column":2},"end":{"line":128,"column":4}}},"fnMap":{"0":{"name":"(anonymous_0)","decl":{"start":{"line":9,"column":19},"end":{"line":9,"column":20}},"loc":{"start":{"line":9,"column":25},"end":{"line":129,"column":1}},"line":9},"1":{"name":"(anonymous_1)","decl":{"start":{"line":15,"column":24},"end":{"line":15,"column":25}},"loc":{"start":{"line":15,"column":36},"end":{"line":38,"column":3}},"line":15},"2":{"name":"(anonymous_2)","decl":{"start":{"line":40,"column":12},"end":{"line":40,"column":13}},"loc":{"start":{"line":40,"column":18},"end":{"line":41,"column":3}},"line":40},"3":{"name":"(anonymous_3)","decl":{"start":{"line":43,"column":12},"end":{"line":43,"column":13}},"loc":{"start":{"line":43,"column":18},"end":{"line":45,"column":3}},"line":43}},"branchMap":{"0":{"loc":{"start":{"line":30,"column":6},"end":{"line":33,"column":7}},"type":"if","locations":[{"start":{"line":30,"column":6},"end":{"line":33,"column":7}},{"start":{},"end":{}}],"line":30},"1":{"loc":{"start":{"line":75,"column":13},"end":{"line":84,"column":13}},"type":"binary-expr","locations":[{"start":{"line":75,"column":13},"end":{"line":75,"column":18}},{"start":{"line":75,"column":22},"end":{"line":75,"column":44}},{"start":{"line":76,"column":12},"end":{"line":83,"column":19}}],"line":75},"2":{"loc":{"start":{"line":94,"column":13},"end":{"line":103,"column":13}},"type":"binary-expr","locations":[{"start":{"line":94,"column":13},"end":{"line":94,"column":19}},{"start":{"line":95,"column":14},"end":{"line":102,"column":21}}],"line":94},"3":{"loc":{"start":{"line":104,"column":13},"end":{"line":113,"column":13}},"type":"binary-expr","locations":[{"start":{"line":104,"column":13},"end":{"line":104,"column":19}},{"start":{"line":105,"column":14},"end":{"line":112,"column":21}}],"line":104},"4":{"loc":{"start":{"line":114,"column":13},"end":{"line":123,"column":13}},"type":"binary-expr","locations":[{"start":{"line":114,"column":13},"end":{"line":114,"column":18}},{"start":{"line":115,"column":14},"end":{"line":122,"column":21}}],"line":114}},"s":{"0":4,"1":0,"2":0,"3":0,"4":0,"5":0,"6":0,"7":0,"8":0,"9":0,"10":0,"11":0,"12":0,"13":0,"14":0,"15":0,"16":0,"17":0,"18":0,"19":0},"f":{"0":0,"1":0,"2":0,"3":0},"b":{"0":[0,0],"1":[0,0,0],"2":[0,0],"3":[0,0],"4":[0,0]},"_coverageSchema":"1a1c01bbd47fc00a2c39e90264f33305004495a9","hash":"f44186df0457085a4bf359ddc3ae9302fab172d0"}
,"/Users/dhananjaypawar/Documents/Snehal/SFSU/Fall 2022/CSC 0890 graduate seminar/code/csc890-03-fa22-team04/applications/client/src/components/StarRating.js": {"path":"/Users/dhananjaypawar/Documents/Snehal/SFSU/Fall 2022/CSC 0890 graduate seminar/code/csc890-03-fa22-team04/applications/client/src/components/StarRating.js","statementMap":{"0":{"start":{"line":3,"column":19},"end":{"line":28,"column":1}},"1":{"start":{"line":5,"column":89},"end":{"line":5,"column":94}},"2":{"start":{"line":7,"column":2},"end":{"line":27,"column":3}},"3":{"start":{"line":21,"column":36},"end":{"line":21,"column":61}},"4":{"start":{"line":22,"column":36},"end":{"line":22,"column":48}}},"fnMap":{"0":{"name":"(anonymous_0)","decl":{"start":{"line":3,"column":19},"end":{"line":3,"column":20}},"loc":{"start":{"line":3,"column":30},"end":{"line":28,"column":1}},"line":3},"1":{"name":"(anonymous_1)","decl":{"start":{"line":21,"column":30},"end":{"line":21,"column":31}},"loc":{"start":{"line":21,"column":36},"end":{"line":21,"column":61}},"line":21},"2":{"name":"(anonymous_2)","decl":{"start":{"line":22,"column":30},"end":{"line":22,"column":31}},"loc":{"start":{"line":22,"column":36},"end":{"line":22,"column":48}},"line":22}},"branchMap":{"0":{"loc":{"start":{"line":18,"column":27},"end":{"line":18,"column":79}},"type":"cond-expr","locations":[{"start":{"line":18,"column":62},"end":{"line":18,"column":70}},{"start":{"line":18,"column":73},"end":{"line":18,"column":79}}],"line":18},"1":{"loc":{"start":{"line":18,"column":43},"end":{"line":18,"column":58}},"type":"binary-expr","locations":[{"start":{"line":18,"column":43},"end":{"line":18,"column":48}},{"start":{"line":18,"column":52},"end":{"line":18,"column":58}}],"line":18},"2":{"loc":{"start":{"line":19,"column":23},"end":{"line":19,"column":79}},"type":"cond-expr","locations":[{"start":{"line":19,"column":58},"end":{"line":19,"column":67}},{"start":{"line":19,"column":70},"end":{"line":19,"column":79}}],"line":19},"3":{"loc":{"start":{"line":19,"column":39},"end":{"line":19,"column":54}},"type":"binary-expr","locations":[{"start":{"line":19,"column":39},"end":{"line":19,"column":44}},{"start":{"line":19,"column":48},"end":{"line":19,"column":54}}],"line":19}},"s":{"0":4,"1":195,"2":195,"3":0,"4":0},"f":{"0":195,"1":0,"2":0},"b":{"0":[9,186],"1":[195,180],"2":[9,186],"3":[195,180]},"_coverageSchema":"1a1c01bbd47fc00a2c39e90264f33305004495a9","hash":"4e329788d656aaae4b7ede0ed4c3b79e44d7572b"}
,"/Users/dhananjaypawar/Documents/Snehal/SFSU/Fall 2022/CSC 0890 graduate seminar/code/csc890-03-fa22-team04/applications/client/src/containers/about/About.js": {"path":"/Users/dhananjaypawar/Documents/Snehal/SFSU/Fall 2022/CSC 0890 graduate seminar/code/csc890-03-fa22-team04/applications/client/src/containers/about/About.js","statementMap":{"0":{"start":{"line":9,"column":14},"end":{"line":96,"column":1}},"1":{"start":{"line":10,"column":2},"end":{"line":95,"column":4}}},"fnMap":{"0":{"name":"(anonymous_0)","decl":{"start":{"line":9,"column":14},"end":{"line":9,"column":15}},"loc":{"start":{"line":9,"column":20},"end":{"line":96,"column":1}},"line":9}},"branchMap":{},"s":{"0":5,"1":7},"f":{"0":7},"b":{},"_coverageSchema":"1a1c01bbd47fc00a2c39e90264f33305004495a9","hash":"5b4d0458d88d64a204238ce9c5237236e99e5189"}
,"/Users/dhananjaypawar/Documents/Snehal/SFSU/Fall 2022/CSC 0890 graduate seminar/code/csc890-03-fa22-team04/applications/client/src/containers/about/AboutManali.js": {"path":"/Users/dhananjaypawar/Documents/Snehal/SFSU/Fall 2022/CSC 0890 graduate seminar/code/csc890-03-fa22-team04/applications/client/src/containers/about/AboutManali.js","statementMap":{"0":{"start":{"line":9,"column":4},"end":{"line":65,"column":6}}},"fnMap":{"0":{"name":"(anonymous_0)","decl":{"start":{"line":8,"column":2},"end":{"line":8,"column":3}},"loc":{"start":{"line":8,"column":11},"end":{"line":66,"column":3}},"line":8}},"branchMap":{},"s":{"0":4},"f":{"0":4},"b":{},"_coverageSchema":"1a1c01bbd47fc00a2c39e90264f33305004495a9","hash":"aad435f00b0927b4ef353deec16fdc36c907b00e"}
,"/Users/dhananjaypawar/Documents/Snehal/SFSU/Fall 2022/CSC 0890 graduate seminar/code/csc890-03-fa22-team04/applications/client/src/containers/about/AboutSnehal.js": {"path":"/Users/dhananjaypawar/Documents/Snehal/SFSU/Fall 2022/CSC 0890 graduate seminar/code/csc890-03-fa22-team04/applications/client/src/containers/about/AboutSnehal.js","statementMap":{"0":{"start":{"line":9,"column":4},"end":{"line":68,"column":6}}},"fnMap":{"0":{"name":"(anonymous_0)","decl":{"start":{"line":8,"column":2},"end":{"line":8,"column":3}},"loc":{"start":{"line":8,"column":11},"end":{"line":69,"column":3}},"line":8}},"branchMap":{},"s":{"0":4},"f":{"0":4},"b":{},"_coverageSchema":"1a1c01bbd47fc00a2c39e90264f33305004495a9","hash":"679443fc936a48ccf89af716f6d98c137cab06b6"}
,"/Users/dhananjaypawar/Documents/Snehal/SFSU/Fall 2022/CSC 0890 graduate seminar/code/csc890-03-fa22-team04/applications/client/src/containers/account/Login.js": {"path":"/Users/dhananjaypawar/Documents/Snehal/SFSU/Fall 2022/CSC 0890 graduate seminar/code/csc890-03-fa22-team04/applications/client/src/containers/account/Login.js","statementMap":{"0":{"start":{"line":10,"column":14},"end":{"line":96,"column":1}},"1":{"start":{"line":11,"column":30},"end":{"line":11,"column":53}},"2":{"start":{"line":12,"column":19},"end":{"line":12,"column":32}},"3":{"start":{"line":13,"column":28},"end":{"line":13,"column":40}},"4":{"start":{"line":14,"column":34},"end":{"line":14,"column":46}},"5":{"start":{"line":15,"column":23},"end":{"line":39,"column":3}},"6":{"start":{"line":16,"column":4},"end":{"line":16,"column":23}},"7":{"start":{"line":18,"column":16},"end":{"line":27,"column":6}},"8":{"start":{"line":28,"column":17},"end":{"line":28,"column":27}},"9":{"start":{"line":30,"column":4},"end":{"line":38,"column":5}},"10":{"start":{"line":31,"column":6},"end":{"line":31,"column":42}},"11":{"start":{"line":32,"column":6},"end":{"line":32,"column":41}},"12":{"start":{"line":34,"column":6},"end":{"line":34,"column":48}},"13":{"start":{"line":35,"column":6},"end":{"line":35,"column":41}},"14":{"start":{"line":36,"column":6},"end":{"line":36,"column":40}},"15":{"start":{"line":37,"column":6},"end":{"line":37,"column":39}},"16":{"start":{"line":40,"column":2},"end":{"line":95,"column":4}},"17":{"start":{"line":57,"column":35},"end":{"line":57,"column":59}},"18":{"start":{"line":68,"column":35},"end":{"line":68,"column":62}}},"fnMap":{"0":{"name":"(anonymous_0)","decl":{"start":{"line":10,"column":14},"end":{"line":10,"column":15}},"loc":{"start":{"line":10,"column":20},"end":{"line":96,"column":1}},"line":10},"1":{"name":"(anonymous_1)","decl":{"start":{"line":15,"column":23},"end":{"line":15,"column":24}},"loc":{"start":{"line":15,"column":36},"end":{"line":39,"column":3}},"line":15},"2":{"name":"(anonymous_2)","decl":{"start":{"line":57,"column":28},"end":{"line":57,"column":29}},"loc":{"start":{"line":57,"column":35},"end":{"line":57,"column":59}},"line":57},"3":{"name":"(anonymous_3)","decl":{"start":{"line":68,"column":28},"end":{"line":68,"column":29}},"loc":{"start":{"line":68,"column":35},"end":{"line":68,"column":62}},"line":68}},"branchMap":{"0":{"loc":{"start":{"line":30,"column":4},"end":{"line":38,"column":5}},"type":"if","locations":[{"start":{"line":30,"column":4},"end":{"line":38,"column":5}},{"start":{"line":33,"column":11},"end":{"line":38,"column":5}}],"line":30},"1":{"loc":{"start":{"line":30,"column":8},"end":{"line":30,"column":35}},"type":"binary-expr","locations":[{"start":{"line":30,"column":8},"end":{"line":30,"column":26}},{"start":{"line":30,"column":30},"end":{"line":30,"column":35}}],"line":30}},"s":{"0":4,"1":7,"2":7,"3":7,"4":7,"5":7,"6":1,"7":1,"8":0,"9":0,"10":0,"11":0,"12":0,"13":0,"14":0,"15":0,"16":7,"17":1,"18":0},"f":{"0":7,"1":1,"2":1,"3":0},"b":{"0":[0,0],"1":[0,0]},"_coverageSchema":"1a1c01bbd47fc00a2c39e90264f33305004495a9","hash":"9409eae2bb5d79d9ab8e3149a1df24a498b5c068"}
,"/Users/dhananjaypawar/Documents/Snehal/SFSU/Fall 2022/CSC 0890 graduate seminar/code/csc890-03-fa22-team04/applications/client/src/containers/account/Logout.js": {"path":"/Users/dhananjaypawar/Documents/Snehal/SFSU/Fall 2022/CSC 0890 graduate seminar/code/csc890-03-fa22-team04/applications/client/src/containers/account/Logout.js","statementMap":{"0":{"start":{"line":4,"column":15},"end":{"line":29,"column":1}},"1":{"start":{"line":5,"column":19},"end":{"line":5,"column":32}},"2":{"start":{"line":6,"column":30},"end":{"line":6,"column":53}},"3":{"start":{"line":7,"column":2},"end":{"line":27,"column":5}},"4":{"start":{"line":8,"column":4},"end":{"line":26,"column":9}},"5":{"start":{"line":17,"column":8},"end":{"line":17,"column":51}},"6":{"start":{"line":18,"column":8},"end":{"line":18,"column":46}},"7":{"start":{"line":19,"column":8},"end":{"line":22,"column":9}},"8":{"start":{"line":20,"column":24},"end":{"line":20,"column":44}},"9":{"start":{"line":21,"column":10},"end":{"line":21,"column":22}},"10":{"start":{"line":25,"column":8},"end":{"line":25,"column":25}},"11":{"start":{"line":28,"column":2},"end":{"line":28,"column":21}}},"fnMap":{"0":{"name":"(anonymous_0)","decl":{"start":{"line":4,"column":15},"end":{"line":4,"column":16}},"loc":{"start":{"line":4,"column":21},"end":{"line":29,"column":1}},"line":4},"1":{"name":"(anonymous_1)","decl":{"start":{"line":7,"column":12},"end":{"line":7,"column":13}},"loc":{"start":{"line":7,"column":18},"end":{"line":27,"column":3}},"line":7},"2":{"name":"(anonymous_2)","decl":{"start":{"line":16,"column":12},"end":{"line":16,"column":13}},"loc":{"start":{"line":16,"column":21},"end":{"line":23,"column":7}},"line":16},"3":{"name":"(anonymous_3)","decl":{"start":{"line":24,"column":13},"end":{"line":24,"column":14}},"loc":{"start":{"line":24,"column":22},"end":{"line":26,"column":7}},"line":24}},"branchMap":{"0":{"loc":{"start":{"line":19,"column":8},"end":{"line":22,"column":9}},"type":"if","locations":[{"start":{"line":19,"column":8},"end":{"line":22,"column":9}},{"start":{},"end":{}}],"line":19}},"s":{"0":4,"1":0,"2":0,"3":0,"4":0,"5":0,"6":0,"7":0,"8":0,"9":0,"10":0,"11":0},"f":{"0":0,"1":0,"2":0,"3":0},"b":{"0":[0,0]},"_coverageSchema":"1a1c01bbd47fc00a2c39e90264f33305004495a9","hash":"94ec54cfb281f8d4deb7216e2bd49eb0bed83d52"}
,"/Users/dhananjaypawar/Documents/Snehal/SFSU/Fall 2022/CSC 0890 graduate seminar/code/csc890-03-fa22-team04/applications/client/src/containers/account/Register.js": {"path":"/Users/dhananjaypawar/Documents/Snehal/SFSU/Fall 2022/CSC 0890 graduate seminar/code/csc890-03-fa22-team04/applications/client/src/containers/account/Register.js","statementMap":{"0":{"start":{"line":9,"column":17},"end":{"line":131,"column":1}},"1":{"start":{"line":10,"column":26},"end":{"line":16,"column":4}},"2":{"start":{"line":18,"column":19},"end":{"line":18,"column":32}},"3":{"start":{"line":19,"column":23},"end":{"line":21,"column":3}},"4":{"start":{"line":20,"column":4},"end":{"line":20,"column":52}},"5":{"start":{"line":23,"column":23},"end":{"line":42,"column":3}},"6":{"start":{"line":24,"column":4},"end":{"line":24,"column":23}},"7":{"start":{"line":25,"column":63},"end":{"line":25,"column":67}},"8":{"start":{"line":26,"column":16},"end":{"line":32,"column":6}},"9":{"start":{"line":33,"column":17},"end":{"line":33,"column":33}},"10":{"start":{"line":34,"column":4},"end":{"line":41,"column":5}},"11":{"start":{"line":35,"column":6},"end":{"line":35,"column":43}},"12":{"start":{"line":36,"column":6},"end":{"line":36,"column":42}},"13":{"start":{"line":38,"column":6},"end":{"line":38,"column":48}},"14":{"start":{"line":39,"column":6},"end":{"line":39,"column":47}},"15":{"start":{"line":40,"column":6},"end":{"line":40,"column":44}},"16":{"start":{"line":43,"column":2},"end":{"line":130,"column":4}}},"fnMap":{"0":{"name":"(anonymous_0)","decl":{"start":{"line":9,"column":17},"end":{"line":9,"column":18}},"loc":{"start":{"line":9,"column":23},"end":{"line":131,"column":1}},"line":9},"1":{"name":"(anonymous_1)","decl":{"start":{"line":19,"column":23},"end":{"line":19,"column":24}},"loc":{"start":{"line":19,"column":53},"end":{"line":21,"column":3}},"line":19},"2":{"name":"(anonymous_2)","decl":{"start":{"line":23,"column":23},"end":{"line":23,"column":24}},"loc":{"start":{"line":23,"column":36},"end":{"line":42,"column":3}},"line":23}},"branchMap":{"0":{"loc":{"start":{"line":34,"column":4},"end":{"line":41,"column":5}},"type":"if","locations":[{"start":{"line":34,"column":4},"end":{"line":41,"column":5}},{"start":{"line":37,"column":11},"end":{"line":41,"column":5}}],"line":34},"1":{"loc":{"start":{"line":34,"column":8},"end":{"line":34,"column":36}},"type":"binary-expr","locations":[{"start":{"line":34,"column":8},"end":{"line":34,"column":27}},{"start":{"line":34,"column":31},"end":{"line":34,"column":36}}],"line":34}},"s":{"0":5,"1":12,"2":12,"3":12,"4":1,"5":12,"6":1,"7":1,"8":1,"9":0,"10":0,"11":0,"12":0,"13":0,"14":0,"15":0,"16":12},"f":{"0":12,"1":1,"2":1},"b":{"0":[0,0],"1":[0,0]},"_coverageSchema":"1a1c01bbd47fc00a2c39e90264f33305004495a9","hash":"8f27d777f46b9e06fdfcfd0e3784f4e4ac088d26"}
,"/Users/dhananjaypawar/Documents/Snehal/SFSU/Fall 2022/CSC 0890 graduate seminar/code/csc890-03-fa22-team04/applications/client/src/containers/codeToCode/CodeToCode.js": {"path":"/Users/dhananjaypawar/Documents/Snehal/SFSU/Fall 2022/CSC 0890 graduate seminar/code/csc890-03-fa22-team04/applications/client/src/containers/codeToCode/CodeToCode.js","statementMap":{"0":{"start":{"line":9,"column":37},"end":{"line":9,"column":54}},"1":{"start":{"line":11,"column":19},"end":{"line":356,"column":1}},"2":{"start":{"line":12,"column":30},"end":{"line":12,"column":53}},"3":{"start":{"line":13,"column":34},"end":{"line":13,"column":46}},"4":{"start":{"line":14,"column":46},"end":{"line":14,"column":64}},"5":{"start":{"line":15,"column":46},"end":{"line":15,"column":62}},"6":{"start":{"line":16,"column":30},"end":{"line":16,"column":44}},"7":{"start":{"line":17,"column":28},"end":{"line":17,"column":42}},"8":{"start":{"line":18,"column":40},"end":{"line":18,"column":52}},"9":{"start":{"line":20,"column":23},"end":{"line":22,"column":3}},"10":{"start":{"line":21,"column":4},"end":{"line":21,"column":26}},"11":{"start":{"line":24,"column":23},"end":{"line":26,"column":3}},"12":{"start":{"line":25,"column":4},"end":{"line":25,"column":19}},"13":{"start":{"line":28,"column":18},"end":{"line":30,"column":3}},"14":{"start":{"line":29,"column":4},"end":{"line":29,"column":27}},"15":{"start":{"line":32,"column":34},"end":{"line":38,"column":4}},"16":{"start":{"line":40,"column":19},"end":{"line":40,"column":32}},"17":{"start":{"line":42,"column":25},"end":{"line":64,"column":3}},"18":{"start":{"line":43,"column":4},"end":{"line":63,"column":5}},"19":{"start":{"line":44,"column":18},"end":{"line":51,"column":8}},"20":{"start":{"line":52,"column":19},"end":{"line":52,"column":35}},"21":{"start":{"line":53,"column":6},"end":{"line":53,"column":27}},"22":{"start":{"line":55,"column":6},"end":{"line":55,"column":48}},"23":{"start":{"line":57,"column":6},"end":{"line":60,"column":7}},"24":{"start":{"line":58,"column":22},"end":{"line":58,"column":42}},"25":{"start":{"line":59,"column":8},"end":{"line":59,"column":20}},"26":{"start":{"line":62,"column":6},"end":{"line":62,"column":25}},"27":{"start":{"line":66,"column":2},"end":{"line":68,"column":9}},"28":{"start":{"line":67,"column":4},"end":{"line":67,"column":21}},"29":{"start":{"line":70,"column":26},"end":{"line":72,"column":3}},"30":{"start":{"line":71,"column":4},"end":{"line":71,"column":42}},"31":{"start":{"line":74,"column":26},"end":{"line":76,"column":3}},"32":{"start":{"line":75,"column":4},"end":{"line":75,"column":42}},"33":{"start":{"line":78,"column":23},"end":{"line":115,"column":3}},"34":{"start":{"line":79,"column":4},"end":{"line":79,"column":23}},"35":{"start":{"line":81,"column":21},"end":{"line":81,"column":43}},"36":{"start":{"line":82,"column":20},"end":{"line":82,"column":58}},"37":{"start":{"line":86,"column":26},"end":{"line":88,"column":6}},"38":{"start":{"line":89,"column":19},"end":{"line":89,"column":47}},"39":{"start":{"line":91,"column":4},"end":{"line":114,"column":9}},"40":{"start":{"line":105,"column":8},"end":{"line":105,"column":30}},"41":{"start":{"line":106,"column":8},"end":{"line":106,"column":51}},"42":{"start":{"line":107,"column":8},"end":{"line":107,"column":42}},"43":{"start":{"line":108,"column":8},"end":{"line":108,"column":42}},"44":{"start":{"line":109,"column":8},"end":{"line":113,"column":11}},"45":{"start":{"line":117,"column":22},"end":{"line":122,"column":3}},"46":{"start":{"line":118,"column":17},"end":{"line":118,"column":30}},"47":{"start":{"line":119,"column":18},"end":{"line":119,"column":32}},"48":{"start":{"line":121,"column":4},"end":{"line":121,"column":48}},"49":{"start":{"line":124,"column":25},"end":{"line":159,"column":3}},"50":{"start":{"line":125,"column":4},"end":{"line":125,"column":23}},"51":{"start":{"line":127,"column":62},"end":{"line":127,"column":70}},"52":{"start":{"line":129,"column":16},"end":{"line":141,"column":6}},"53":{"start":{"line":143,"column":17},"end":{"line":143,"column":33}},"54":{"start":{"line":144,"column":4},"end":{"line":158,"column":5}},"55":{"start":{"line":145,"column":6},"end":{"line":145,"column":32}},"56":{"start":{"line":147,"column":6},"end":{"line":147,"column":42}},"57":{"start":{"line":148,"column":6},"end":{"line":155,"column":9}},"58":{"start":{"line":156,"column":6},"end":{"line":156,"column":22}},"59":{"start":{"line":157,"column":6},"end":{"line":157,"column":22}},"60":{"start":{"line":161,"column":2},"end":{"line":355,"column":4}},"61":{"start":{"line":330,"column":22},"end":{"line":342,"column":24}}},"fnMap":{"0":{"name":"(anonymous_0)","decl":{"start":{"line":11,"column":19},"end":{"line":11,"column":20}},"loc":{"start":{"line":11,"column":25},"end":{"line":356,"column":1}},"line":11},"1":{"name":"(anonymous_1)","decl":{"start":{"line":20,"column":23},"end":{"line":20,"column":24}},"loc":{"start":{"line":20,"column":40},"end":{"line":22,"column":3}},"line":20},"2":{"name":"(anonymous_2)","decl":{"start":{"line":24,"column":23},"end":{"line":24,"column":24}},"loc":{"start":{"line":24,"column":29},"end":{"line":26,"column":3}},"line":24},"3":{"name":"(anonymous_3)","decl":{"start":{"line":28,"column":18},"end":{"line":28,"column":19}},"loc":{"start":{"line":28,"column":35},"end":{"line":30,"column":3}},"line":28},"4":{"name":"(anonymous_4)","decl":{"start":{"line":42,"column":25},"end":{"line":42,"column":26}},"loc":{"start":{"line":42,"column":37},"end":{"line":64,"column":3}},"line":42},"5":{"name":"(anonymous_5)","decl":{"start":{"line":66,"column":12},"end":{"line":66,"column":13}},"loc":{"start":{"line":66,"column":18},"end":{"line":68,"column":3}},"line":66},"6":{"name":"(anonymous_6)","decl":{"start":{"line":70,"column":26},"end":{"line":70,"column":27}},"loc":{"start":{"line":70,"column":37},"end":{"line":72,"column":3}},"line":70},"7":{"name":"(anonymous_7)","decl":{"start":{"line":74,"column":26},"end":{"line":74,"column":27}},"loc":{"start":{"line":74,"column":37},"end":{"line":76,"column":3}},"line":74},"8":{"name":"(anonymous_8)","decl":{"start":{"line":78,"column":23},"end":{"line":78,"column":24}},"loc":{"start":{"line":78,"column":30},"end":{"line":115,"column":3}},"line":78},"9":{"name":"(anonymous_9)","decl":{"start":{"line":104,"column":12},"end":{"line":104,"column":13}},"loc":{"start":{"line":104,"column":26},"end":{"line":114,"column":7}},"line":104},"10":{"name":"(anonymous_10)","decl":{"start":{"line":117,"column":22},"end":{"line":117,"column":23}},"loc":{"start":{"line":117,"column":29},"end":{"line":122,"column":3}},"line":117},"11":{"name":"(anonymous_11)","decl":{"start":{"line":124,"column":25},"end":{"line":124,"column":26}},"loc":{"start":{"line":124,"column":38},"end":{"line":159,"column":3}},"line":124},"12":{"name":"(anonymous_12)","decl":{"start":{"line":329,"column":41},"end":{"line":329,"column":42}},"loc":{"start":{"line":329,"column":58},"end":{"line":343,"column":21}},"line":329}},"branchMap":{"0":{"loc":{"start":{"line":57,"column":6},"end":{"line":60,"column":7}},"type":"if","locations":[{"start":{"line":57,"column":6},"end":{"line":60,"column":7}},{"start":{},"end":{}}],"line":57},"1":{"loc":{"start":{"line":144,"column":4},"end":{"line":158,"column":5}},"type":"if","locations":[{"start":{"line":144,"column":4},"end":{"line":158,"column":5}},{"start":{"line":146,"column":11},"end":{"line":158,"column":5}}],"line":144}},"s":{"0":4,"1":4,"2":9,"3":9,"4":9,"5":9,"6":9,"7":9,"8":9,"9":9,"10":0,"11":9,"12":0,"13":9,"14":0,"15":9,"16":9,"17":9,"18":7,"19":7,"20":0,"21":0,"22":0,"23":0,"24":0,"25":0,"26":0,"27":9,"28":7,"29":9,"30":0,"31":9,"32":0,"33":9,"34":1,"35":1,"36":1,"37":1,"38":1,"39":1,"40":0,"41":0,"42":0,"43":0,"44":0,"45":9,"46":2,"47":2,"48":2,"49":9,"50":1,"51":1,"52":1,"53":0,"54":0,"55":0,"56":0,"57":0,"58":0,"59":0,"60":9,"61":45},"f":{"0":9,"1":0,"2":0,"3":0,"4":7,"5":7,"6":0,"7":0,"8":1,"9":0,"10":2,"11":1,"12":45},"b":{"0":[0,0],"1":[0,0]},"_coverageSchema":"1a1c01bbd47fc00a2c39e90264f33305004495a9","hash":"dc15cc0bbe1ad13f2ba1ba6acef3d340c8182e29"}
,"/Users/dhananjaypawar/Documents/Snehal/SFSU/Fall 2022/CSC 0890 graduate seminar/code/csc890-03-fa22-team04/applications/client/src/containers/codeToText/CodeToText.js": {"path":"/Users/dhananjaypawar/Documents/Snehal/SFSU/Fall 2022/CSC 0890 graduate seminar/code/csc890-03-fa22-team04/applications/client/src/containers/codeToText/CodeToText.js","statementMap":{"0":{"start":{"line":9,"column":37},"end":{"line":9,"column":54}},"1":{"start":{"line":11,"column":19},"end":{"line":288,"column":1}},"2":{"start":{"line":12,"column":19},"end":{"line":12,"column":32}},"3":{"start":{"line":13,"column":30},"end":{"line":13,"column":53}},"4":{"start":{"line":14,"column":34},"end":{"line":14,"column":46}},"5":{"start":{"line":15,"column":30},"end":{"line":15,"column":44}},"6":{"start":{"line":16,"column":28},"end":{"line":16,"column":42}},"7":{"start":{"line":17,"column":40},"end":{"line":17,"column":52}},"8":{"start":{"line":19,"column":23},"end":{"line":21,"column":3}},"9":{"start":{"line":20,"column":4},"end":{"line":20,"column":26}},"10":{"start":{"line":23,"column":23},"end":{"line":25,"column":3}},"11":{"start":{"line":24,"column":4},"end":{"line":24,"column":19}},"12":{"start":{"line":27,"column":18},"end":{"line":29,"column":3}},"13":{"start":{"line":28,"column":4},"end":{"line":28,"column":27}},"14":{"start":{"line":31,"column":34},"end":{"line":37,"column":4}},"15":{"start":{"line":39,"column":25},"end":{"line":61,"column":3}},"16":{"start":{"line":40,"column":4},"end":{"line":60,"column":5}},"17":{"start":{"line":41,"column":18},"end":{"line":48,"column":8}},"18":{"start":{"line":50,"column":19},"end":{"line":50,"column":35}},"19":{"start":{"line":51,"column":6},"end":{"line":51,"column":27}},"20":{"start":{"line":52,"column":6},"end":{"line":52,"column":48}},"21":{"start":{"line":53,"column":6},"end":{"line":56,"column":7}},"22":{"start":{"line":54,"column":22},"end":{"line":54,"column":42}},"23":{"start":{"line":55,"column":8},"end":{"line":55,"column":20}},"24":{"start":{"line":58,"column":6},"end":{"line":58,"column":25}},"25":{"start":{"line":59,"column":6},"end":{"line":59,"column":25}},"26":{"start":{"line":63,"column":2},"end":{"line":65,"column":9}},"27":{"start":{"line":64,"column":4},"end":{"line":64,"column":21}},"28":{"start":{"line":67,"column":23},"end":{"line":97,"column":3}},"29":{"start":{"line":68,"column":4},"end":{"line":68,"column":23}},"30":{"start":{"line":69,"column":21},"end":{"line":69,"column":43}},"31":{"start":{"line":70,"column":20},"end":{"line":70,"column":58}},"32":{"start":{"line":73,"column":26},"end":{"line":75,"column":6}},"33":{"start":{"line":76,"column":19},"end":{"line":76,"column":47}},"34":{"start":{"line":78,"column":4},"end":{"line":96,"column":9}},"35":{"start":{"line":90,"column":8},"end":{"line":90,"column":51}},"36":{"start":{"line":91,"column":8},"end":{"line":95,"column":11}},"37":{"start":{"line":99,"column":22},"end":{"line":103,"column":3}},"38":{"start":{"line":100,"column":17},"end":{"line":100,"column":30}},"39":{"start":{"line":101,"column":18},"end":{"line":101,"column":32}},"40":{"start":{"line":102,"column":4},"end":{"line":102,"column":48}},"41":{"start":{"line":105,"column":25},"end":{"line":139,"column":3}},"42":{"start":{"line":106,"column":4},"end":{"line":106,"column":23}},"43":{"start":{"line":108,"column":62},"end":{"line":108,"column":70}},"44":{"start":{"line":110,"column":16},"end":{"line":122,"column":6}},"45":{"start":{"line":123,"column":17},"end":{"line":123,"column":33}},"46":{"start":{"line":124,"column":4},"end":{"line":138,"column":5}},"47":{"start":{"line":125,"column":6},"end":{"line":125,"column":39}},"48":{"start":{"line":127,"column":6},"end":{"line":127,"column":42}},"49":{"start":{"line":128,"column":6},"end":{"line":135,"column":9}},"50":{"start":{"line":136,"column":6},"end":{"line":136,"column":22}},"51":{"start":{"line":137,"column":6},"end":{"line":137,"column":22}},"52":{"start":{"line":141,"column":2},"end":{"line":287,"column":4}},"53":{"start":{"line":263,"column":20},"end":{"line":275,"column":22}}},"fnMap":{"0":{"name":"(anonymous_0)","decl":{"start":{"line":11,"column":19},"end":{"line":11,"column":20}},"loc":{"start":{"line":11,"column":25},"end":{"line":288,"column":1}},"line":11},"1":{"name":"(anonymous_1)","decl":{"start":{"line":19,"column":23},"end":{"line":19,"column":24}},"loc":{"start":{"line":19,"column":40},"end":{"line":21,"column":3}},"line":19},"2":{"name":"(anonymous_2)","decl":{"start":{"line":23,"column":23},"end":{"line":23,"column":24}},"loc":{"start":{"line":23,"column":29},"end":{"line":25,"column":3}},"line":23},"3":{"name":"(anonymous_3)","decl":{"start":{"line":27,"column":18},"end":{"line":27,"column":19}},"loc":{"start":{"line":27,"column":35},"end":{"line":29,"column":3}},"line":27},"4":{"name":"(anonymous_4)","decl":{"start":{"line":39,"column":25},"end":{"line":39,"column":26}},"loc":{"start":{"line":39,"column":37},"end":{"line":61,"column":3}},"line":39},"5":{"name":"(anonymous_5)","decl":{"start":{"line":63,"column":12},"end":{"line":63,"column":13}},"loc":{"start":{"line":63,"column":18},"end":{"line":65,"column":3}},"line":63},"6":{"name":"(anonymous_6)","decl":{"start":{"line":67,"column":23},"end":{"line":67,"column":24}},"loc":{"start":{"line":67,"column":30},"end":{"line":97,"column":3}},"line":67},"7":{"name":"(anonymous_7)","decl":{"start":{"line":89,"column":12},"end":{"line":89,"column":13}},"loc":{"start":{"line":89,"column":26},"end":{"line":96,"column":7}},"line":89},"8":{"name":"(anonymous_8)","decl":{"start":{"line":99,"column":22},"end":{"line":99,"column":23}},"loc":{"start":{"line":99,"column":29},"end":{"line":103,"column":3}},"line":99},"9":{"name":"(anonymous_9)","decl":{"start":{"line":105,"column":25},"end":{"line":105,"column":26}},"loc":{"start":{"line":105,"column":38},"end":{"line":139,"column":3}},"line":105},"10":{"name":"(anonymous_10)","decl":{"start":{"line":262,"column":39},"end":{"line":262,"column":40}},"loc":{"start":{"line":262,"column":56},"end":{"line":276,"column":19}},"line":262}},"branchMap":{"0":{"loc":{"start":{"line":53,"column":6},"end":{"line":56,"column":7}},"type":"if","locations":[{"start":{"line":53,"column":6},"end":{"line":56,"column":7}},{"start":{},"end":{}}],"line":53},"1":{"loc":{"start":{"line":124,"column":4},"end":{"line":138,"column":5}},"type":"if","locations":[{"start":{"line":124,"column":4},"end":{"line":138,"column":5}},{"start":{"line":126,"column":11},"end":{"line":138,"column":5}}],"line":124}},"s":{"0":4,"1":4,"2":11,"3":11,"4":11,"5":11,"6":11,"7":11,"8":11,"9":0,"10":11,"11":0,"12":11,"13":0,"14":11,"15":11,"16":9,"17":9,"18":0,"19":0,"20":0,"21":0,"22":0,"23":0,"24":0,"25":0,"26":11,"27":9,"28":11,"29":1,"30":1,"31":1,"32":1,"33":1,"34":1,"35":0,"36":0,"37":11,"38":2,"39":2,"40":2,"41":11,"42":1,"43":1,"44":1,"45":0,"46":0,"47":0,"48":0,"49":0,"50":0,"51":0,"52":11,"53":55},"f":{"0":11,"1":0,"2":0,"3":0,"4":9,"5":9,"6":1,"7":0,"8":2,"9":1,"10":55},"b":{"0":[0,0],"1":[0,0]},"_coverageSchema":"1a1c01bbd47fc00a2c39e90264f33305004495a9","hash":"971f6efefc1dcc13291c05fe46d2539b76b18787"}
,"/Users/dhananjaypawar/Documents/Snehal/SFSU/Fall 2022/CSC 0890 graduate seminar/code/csc890-03-fa22-team04/applications/client/src/containers/errorPage/ErrorPage.js": {"path":"/Users/dhananjaypawar/Documents/Snehal/SFSU/Fall 2022/CSC 0890 graduate seminar/code/csc890-03-fa22-team04/applications/client/src/containers/errorPage/ErrorPage.js","statementMap":{"0":{"start":{"line":4,"column":18},"end":{"line":26,"column":1}},"1":{"start":{"line":5,"column":2},"end":{"line":25,"column":4}}},"fnMap":{"0":{"name":"(anonymous_0)","decl":{"start":{"line":4,"column":18},"end":{"line":4,"column":19}},"loc":{"start":{"line":4,"column":24},"end":{"line":26,"column":1}},"line":4}},"branchMap":{},"s":{"0":5,"1":2},"f":{"0":2},"b":{},"_coverageSchema":"1a1c01bbd47fc00a2c39e90264f33305004495a9","hash":"c703ba493c9e89eb51087a95ca3941592c9054ae"}
,"/Users/dhananjaypawar/Documents/Snehal/SFSU/Fall 2022/CSC 0890 graduate seminar/code/csc890-03-fa22-team04/applications/client/src/containers/feedback/Feedback.js": {"path":"/Users/dhananjaypawar/Documents/Snehal/SFSU/Fall 2022/CSC 0890 graduate seminar/code/csc890-03-fa22-team04/applications/client/src/containers/feedback/Feedback.js","statementMap":{"0":{"start":{"line":5,"column":17},"end":{"line":82,"column":1}},"1":{"start":{"line":7,"column":19},"end":{"line":7,"column":32}},"2":{"start":{"line":9,"column":36},"end":{"line":9,"column":48}},"3":{"start":{"line":11,"column":26},"end":{"line":33,"column":3}},"4":{"start":{"line":12,"column":4},"end":{"line":32,"column":5}},"5":{"start":{"line":13,"column":18},"end":{"line":20,"column":8}},"6":{"start":{"line":22,"column":19},"end":{"line":22,"column":35}},"7":{"start":{"line":23,"column":6},"end":{"line":23,"column":25}},"8":{"start":{"line":25,"column":6},"end":{"line":28,"column":7}},"9":{"start":{"line":26,"column":22},"end":{"line":26,"column":42}},"10":{"start":{"line":27,"column":8},"end":{"line":27,"column":20}},"11":{"start":{"line":30,"column":6},"end":{"line":30,"column":25}},"12":{"start":{"line":31,"column":6},"end":{"line":31,"column":25}},"13":{"start":{"line":35,"column":2},"end":{"line":37,"column":9}},"14":{"start":{"line":36,"column":4},"end":{"line":36,"column":22}},"15":{"start":{"line":39,"column":2},"end":{"line":81,"column":4}},"16":{"start":{"line":60,"column":14},"end":{"line":74,"column":15}},"17":{"start":{"line":63,"column":20},"end":{"line":71,"column":21}}},"fnMap":{"0":{"name":"(anonymous_0)","decl":{"start":{"line":5,"column":17},"end":{"line":5,"column":18}},"loc":{"start":{"line":5,"column":23},"end":{"line":82,"column":1}},"line":5},"1":{"name":"(anonymous_1)","decl":{"start":{"line":11,"column":26},"end":{"line":11,"column":27}},"loc":{"start":{"line":11,"column":38},"end":{"line":33,"column":3}},"line":11},"2":{"name":"(anonymous_2)","decl":{"start":{"line":35,"column":12},"end":{"line":35,"column":13}},"loc":{"start":{"line":35,"column":18},"end":{"line":37,"column":3}},"line":35},"3":{"name":"(anonymous_3)","decl":{"start":{"line":59,"column":26},"end":{"line":59,"column":27}},"loc":{"start":{"line":59,"column":42},"end":{"line":75,"column":13}},"line":59},"4":{"name":"(anonymous_4)","decl":{"start":{"line":62,"column":72},"end":{"line":62,"column":73}},"loc":{"start":{"line":62,"column":86},"end":{"line":72,"column":19}},"line":62}},"branchMap":{"0":{"loc":{"start":{"line":25,"column":6},"end":{"line":28,"column":7}},"type":"if","locations":[{"start":{"line":25,"column":6},"end":{"line":28,"column":7}},{"start":{},"end":{}}],"line":25},"1":{"loc":{"start":{"line":62,"column":19},"end":{"line":72,"column":20}},"type":"binary-expr","locations":[{"start":{"line":62,"column":19},"end":{"line":62,"column":41}},{"start":{"line":62,"column":45},"end":{"line":72,"column":20}}],"line":62}},"s":{"0":5,"1":3,"2":3,"3":3,"4":3,"5":3,"6":0,"7":0,"8":0,"9":0,"10":0,"11":0,"12":0,"13":3,"14":3,"15":3,"16":0,"17":0},"f":{"0":3,"1":3,"2":3,"3":0,"4":0},"b":{"0":[0,0],"1":[0,0]},"_coverageSchema":"1a1c01bbd47fc00a2c39e90264f33305004495a9","hash":"a021eeca623881bee6acd8f2e94680a0f6d02861"}
,"/Users/dhananjaypawar/Documents/Snehal/SFSU/Fall 2022/CSC 0890 graduate seminar/code/csc890-03-fa22-team04/applications/client/src/containers/home/Home.js": {"path":"/Users/dhananjaypawar/Documents/Snehal/SFSU/Fall 2022/CSC 0890 graduate seminar/code/csc890-03-fa22-team04/applications/client/src/containers/home/Home.js","statementMap":{"0":{"start":{"line":11,"column":13},"end":{"line":75,"column":1}},"1":{"start":{"line":12,"column":2},"end":{"line":74,"column":4}}},"fnMap":{"0":{"name":"(anonymous_0)","decl":{"start":{"line":11,"column":13},"end":{"line":11,"column":14}},"loc":{"start":{"line":11,"column":19},"end":{"line":75,"column":1}},"line":11}},"branchMap":{},"s":{"0":5,"1":10},"f":{"0":10},"b":{},"_coverageSchema":"1a1c01bbd47fc00a2c39e90264f33305004495a9","hash":"b5b45d8a010d595723a20e83aa12f0b27440536f"}
,"/Users/dhananjaypawar/Documents/Snehal/SFSU/Fall 2022/CSC 0890 graduate seminar/code/csc890-03-fa22-team04/applications/client/src/containers/textToCode/TextToCode.js": {"path":"/Users/dhananjaypawar/Documents/Snehal/SFSU/Fall 2022/CSC 0890 graduate seminar/code/csc890-03-fa22-team04/applications/client/src/containers/textToCode/TextToCode.js","statementMap":{"0":{"start":{"line":9,"column":37},"end":{"line":9,"column":54}},"1":{"start":{"line":11,"column":19},"end":{"line":328,"column":1}},"2":{"start":{"line":12,"column":30},"end":{"line":12,"column":53}},"3":{"start":{"line":13,"column":34},"end":{"line":13,"column":46}},"4":{"start":{"line":14,"column":44},"end":{"line":14,"column":62}},"5":{"start":{"line":15,"column":30},"end":{"line":15,"column":44}},"6":{"start":{"line":16,"column":28},"end":{"line":16,"column":42}},"7":{"start":{"line":17,"column":40},"end":{"line":17,"column":52}},"8":{"start":{"line":19,"column":23},"end":{"line":21,"column":3}},"9":{"start":{"line":20,"column":4},"end":{"line":20,"column":26}},"10":{"start":{"line":23,"column":23},"end":{"line":25,"column":3}},"11":{"start":{"line":24,"column":4},"end":{"line":24,"column":19}},"12":{"start":{"line":27,"column":18},"end":{"line":29,"column":3}},"13":{"start":{"line":28,"column":4},"end":{"line":28,"column":27}},"14":{"start":{"line":31,"column":34},"end":{"line":37,"column":4}},"15":{"start":{"line":39,"column":19},"end":{"line":39,"column":32}},"16":{"start":{"line":41,"column":25},"end":{"line":64,"column":3}},"17":{"start":{"line":42,"column":4},"end":{"line":63,"column":5}},"18":{"start":{"line":43,"column":18},"end":{"line":50,"column":8}},"19":{"start":{"line":51,"column":19},"end":{"line":51,"column":35}},"20":{"start":{"line":53,"column":6},"end":{"line":53,"column":27}},"21":{"start":{"line":55,"column":6},"end":{"line":55,"column":48}},"22":{"start":{"line":57,"column":6},"end":{"line":60,"column":7}},"23":{"start":{"line":58,"column":22},"end":{"line":58,"column":42}},"24":{"start":{"line":59,"column":8},"end":{"line":59,"column":20}},"25":{"start":{"line":62,"column":6},"end":{"line":62,"column":25}},"26":{"start":{"line":66,"column":2},"end":{"line":68,"column":9}},"27":{"start":{"line":67,"column":4},"end":{"line":67,"column":21}},"28":{"start":{"line":70,"column":25},"end":{"line":72,"column":3}},"29":{"start":{"line":71,"column":4},"end":{"line":71,"column":41}},"30":{"start":{"line":74,"column":23},"end":{"line":110,"column":3}},"31":{"start":{"line":75,"column":4},"end":{"line":75,"column":23}},"32":{"start":{"line":77,"column":21},"end":{"line":77,"column":43}},"33":{"start":{"line":78,"column":20},"end":{"line":78,"column":58}},"34":{"start":{"line":82,"column":26},"end":{"line":84,"column":6}},"35":{"start":{"line":86,"column":19},"end":{"line":86,"column":47}},"36":{"start":{"line":88,"column":4},"end":{"line":109,"column":9}},"37":{"start":{"line":102,"column":8},"end":{"line":102,"column":51}},"38":{"start":{"line":103,"column":8},"end":{"line":103,"column":40}},"39":{"start":{"line":104,"column":8},"end":{"line":108,"column":11}},"40":{"start":{"line":112,"column":22},"end":{"line":116,"column":3}},"41":{"start":{"line":113,"column":17},"end":{"line":113,"column":30}},"42":{"start":{"line":114,"column":18},"end":{"line":114,"column":32}},"43":{"start":{"line":115,"column":4},"end":{"line":115,"column":48}},"44":{"start":{"line":118,"column":25},"end":{"line":153,"column":3}},"45":{"start":{"line":119,"column":4},"end":{"line":119,"column":23}},"46":{"start":{"line":121,"column":62},"end":{"line":121,"column":70}},"47":{"start":{"line":123,"column":16},"end":{"line":135,"column":6}},"48":{"start":{"line":137,"column":17},"end":{"line":137,"column":33}},"49":{"start":{"line":138,"column":4},"end":{"line":152,"column":5}},"50":{"start":{"line":139,"column":6},"end":{"line":139,"column":33}},"51":{"start":{"line":141,"column":6},"end":{"line":141,"column":42}},"52":{"start":{"line":142,"column":6},"end":{"line":149,"column":9}},"53":{"start":{"line":150,"column":6},"end":{"line":150,"column":22}},"54":{"start":{"line":151,"column":6},"end":{"line":151,"column":22}},"55":{"start":{"line":155,"column":2},"end":{"line":327,"column":4}},"56":{"start":{"line":299,"column":20},"end":{"line":310,"column":22}}},"fnMap":{"0":{"name":"(anonymous_0)","decl":{"start":{"line":11,"column":19},"end":{"line":11,"column":20}},"loc":{"start":{"line":11,"column":25},"end":{"line":328,"column":1}},"line":11},"1":{"name":"(anonymous_1)","decl":{"start":{"line":19,"column":23},"end":{"line":19,"column":24}},"loc":{"start":{"line":19,"column":40},"end":{"line":21,"column":3}},"line":19},"2":{"name":"(anonymous_2)","decl":{"start":{"line":23,"column":23},"end":{"line":23,"column":24}},"loc":{"start":{"line":23,"column":29},"end":{"line":25,"column":3}},"line":23},"3":{"name":"(anonymous_3)","decl":{"start":{"line":27,"column":18},"end":{"line":27,"column":19}},"loc":{"start":{"line":27,"column":35},"end":{"line":29,"column":3}},"line":27},"4":{"name":"(anonymous_4)","decl":{"start":{"line":41,"column":25},"end":{"line":41,"column":26}},"loc":{"start":{"line":41,"column":37},"end":{"line":64,"column":3}},"line":41},"5":{"name":"(anonymous_5)","decl":{"start":{"line":66,"column":12},"end":{"line":66,"column":13}},"loc":{"start":{"line":66,"column":18},"end":{"line":68,"column":3}},"line":66},"6":{"name":"(anonymous_6)","decl":{"start":{"line":70,"column":25},"end":{"line":70,"column":26}},"loc":{"start":{"line":70,"column":36},"end":{"line":72,"column":3}},"line":70},"7":{"name":"(anonymous_7)","decl":{"start":{"line":74,"column":23},"end":{"line":74,"column":24}},"loc":{"start":{"line":74,"column":30},"end":{"line":110,"column":3}},"line":74},"8":{"name":"(anonymous_8)","decl":{"start":{"line":101,"column":12},"end":{"line":101,"column":13}},"loc":{"start":{"line":101,"column":26},"end":{"line":109,"column":7}},"line":101},"9":{"name":"(anonymous_9)","decl":{"start":{"line":112,"column":22},"end":{"line":112,"column":23}},"loc":{"start":{"line":112,"column":29},"end":{"line":116,"column":3}},"line":112},"10":{"name":"(anonymous_10)","decl":{"start":{"line":118,"column":25},"end":{"line":118,"column":26}},"loc":{"start":{"line":118,"column":38},"end":{"line":153,"column":3}},"line":118},"11":{"name":"(anonymous_11)","decl":{"start":{"line":298,"column":39},"end":{"line":298,"column":40}},"loc":{"start":{"line":298,"column":56},"end":{"line":311,"column":19}},"line":298}},"branchMap":{"0":{"loc":{"start":{"line":57,"column":6},"end":{"line":60,"column":7}},"type":"if","locations":[{"start":{"line":57,"column":6},"end":{"line":60,"column":7}},{"start":{},"end":{}}],"line":57},"1":{"loc":{"start":{"line":138,"column":4},"end":{"line":152,"column":5}},"type":"if","locations":[{"start":{"line":138,"column":4},"end":{"line":152,"column":5}},{"start":{"line":140,"column":11},"end":{"line":152,"column":5}}],"line":138}},"s":{"0":4,"1":4,"2":13,"3":13,"4":13,"5":13,"6":13,"7":13,"8":13,"9":0,"10":13,"11":0,"12":13,"13":0,"14":13,"15":13,"16":13,"17":9,"18":9,"19":0,"20":0,"21":0,"22":0,"23":0,"24":0,"25":0,"26":13,"27":9,"28":13,"29":2,"30":13,"31":1,"32":1,"33":1,"34":1,"35":1,"36":1,"37":0,"38":0,"39":0,"40":13,"41":2,"42":2,"43":2,"44":13,"45":1,"46":1,"47":1,"48":0,"49":0,"50":0,"51":0,"52":0,"53":0,"54":0,"55":13,"56":65},"f":{"0":13,"1":0,"2":0,"3":0,"4":9,"5":9,"6":2,"7":1,"8":0,"9":2,"10":1,"11":65},"b":{"0":[0,0],"1":[0,0]},"_coverageSchema":"1a1c01bbd47fc00a2c39e90264f33305004495a9","hash":"8926cad6da33b25e962f801cc4eb07f0adf42584"}
,"/Users/dhananjaypawar/Documents/Snehal/SFSU/Fall 2022/CSC 0890 graduate seminar/code/csc890-03-fa22-team04/applications/client/src/reducer/UseReducer.js": {"path":"/Users/dhananjaypawar/Documents/Snehal/SFSU/Fall 2022/CSC 0890 graduate seminar/code/csc890-03-fa22-team04/applications/client/src/reducer/UseReducer.js","statementMap":{"0":{"start":{"line":1,"column":28},"end":{"line":1,"column":32}},"1":{"start":{"line":3,"column":23},"end":{"line":9,"column":1}},"2":{"start":{"line":4,"column":2},"end":{"line":6,"column":3}},"3":{"start":{"line":5,"column":4},"end":{"line":5,"column":26}},"4":{"start":{"line":8,"column":2},"end":{"line":8,"column":15}}},"fnMap":{"0":{"name":"(anonymous_0)","decl":{"start":{"line":3,"column":23},"end":{"line":3,"column":24}},"loc":{"start":{"line":3,"column":42},"end":{"line":9,"column":1}},"line":3}},"branchMap":{"0":{"loc":{"start":{"line":4,"column":2},"end":{"line":6,"column":3}},"type":"if","locations":[{"start":{"line":4,"column":2},"end":{"line":6,"column":3}},{"start":{},"end":{}}],"line":4}},"s":{"0":4,"1":4,"2":0,"3":0,"4":0},"f":{"0":0},"b":{"0":[0,0]},"_coverageSchema":"1a1c01bbd47fc00a2c39e90264f33305004495a9","hash":"2c32dd15ee7eb375294fcc3fe203e039147796ea"}
}
