TN:
SF:src/App.jsx
FN:20,(anonymous_0)
FN:38,(anonymous_1)
FNF:2
FNH:0
FNDA:0,(anonymous_0)
FNDA:0,(anonymous_1)
DA:19,4
DA:20,4
DA:21,0
DA:38,4
DA:40,0
DA:41,0
LF:6
LH:3
BRF:0
BRH:0
end_of_record
TN:
SF:src/index.js
FNF:0
FNH:0
DA:7,0
DA:8,0
DA:17,0
LF:3
LH:0
BRF:0
BRH:0
end_of_record
TN:
SF:src/reportWebVitals.js
FN:1,(anonymous_0)
FN:3,(anonymous_1)
FNF:2
FNH:0
FNDA:0,(anonymous_0)
FNDA:0,(anonymous_1)
DA:1,0
DA:2,0
DA:3,0
DA:4,0
DA:5,0
DA:6,0
DA:7,0
DA:8,0
LF:8
LH:0
BRDA:2,0,0,0
BRDA:2,0,1,0
BRDA:2,1,0,0
BRDA:2,1,1,0
BRF:4
BRH:0
end_of_record
TN:
SF:src/components/CardDisplay.js
FN:5,(anonymous_0)
FNF:1
FNH:1
FNDA:30,(anonymous_0)
DA:6,30
DA:7,30
LF:2
LH:2
BRF:0
BRH:0
end_of_record
TN:
SF:src/components/Navbar.js
FN:9,(anonymous_0)
FN:15,(anonymous_1)
FN:40,(anonymous_2)
FN:43,(anonymous_3)
FNF:4
FNH:0
FNDA:0,(anonymous_0)
FNDA:0,(anonymous_1)
FNDA:0,(anonymous_2)
FNDA:0,(anonymous_3)
DA:9,4
DA:10,0
DA:11,0
DA:13,0
DA:15,0
DA:16,0
DA:17,0
DA:25,0
DA:26,0
DA:27,0
DA:28,0
DA:30,0
DA:31,0
DA:32,0
DA:35,0
DA:36,0
DA:40,0
DA:43,0
DA:44,0
DA:47,0
LF:20
LH:1
BRDA:30,0,0,0
BRDA:30,0,1,0
BRDA:75,1,0,0
BRDA:75,1,1,0
BRDA:75,1,2,0
BRDA:94,2,0,0
BRDA:94,2,1,0
BRDA:104,3,0,0
BRDA:104,3,1,0
BRDA:114,4,0,0
BRDA:114,4,1,0
BRF:11
BRH:0
end_of_record
TN:
SF:src/components/StarRating.js
FN:3,(anonymous_0)
FN:21,(anonymous_1)
FN:22,(anonymous_2)
FNF:3
FNH:1
FNDA:195,(anonymous_0)
FNDA:0,(anonymous_1)
FNDA:0,(anonymous_2)
DA:3,4
DA:5,195
DA:7,195
DA:21,0
DA:22,0
LF:5
LH:3
BRDA:18,0,0,9
BRDA:18,0,1,186
BRDA:18,1,0,195
BRDA:18,1,1,180
BRDA:19,2,0,9
BRDA:19,2,1,186
BRDA:19,3,0,195
BRDA:19,3,1,180
BRF:8
BRH:8
end_of_record
TN:
SF:src/containers/about/About.js
FN:9,(anonymous_0)
FNF:1
FNH:1
FNDA:7,(anonymous_0)
DA:9,5
DA:10,7
LF:2
LH:2
BRF:0
BRH:0
end_of_record
TN:
SF:src/containers/about/AboutManali.js
FN:8,(anonymous_0)
FNF:1
FNH:1
FNDA:4,(anonymous_0)
DA:9,4
LF:1
LH:1
BRF:0
BRH:0
end_of_record
TN:
SF:src/containers/about/AboutSnehal.js
FN:8,(anonymous_0)
FNF:1
FNH:1
FNDA:4,(anonymous_0)
DA:9,4
LF:1
LH:1
BRF:0
BRH:0
end_of_record
TN:
SF:src/containers/account/Login.js
FN:10,(anonymous_0)
FN:15,(anonymous_1)
FN:57,(anonymous_2)
FN:68,(anonymous_3)
FNF:4
FNH:3
FNDA:7,(anonymous_0)
FNDA:1,(anonymous_1)
FNDA:1,(anonymous_2)
FNDA:0,(anonymous_3)
DA:10,4
DA:11,7
DA:12,7
DA:13,7
DA:14,7
DA:15,7
DA:16,1
DA:18,1
DA:28,0
DA:30,0
DA:31,0
DA:32,0
DA:34,0
DA:35,0
DA:36,0
DA:37,0
DA:40,7
DA:57,1
DA:68,0
LF:19
LH:10
BRDA:30,0,0,0
BRDA:30,0,1,0
BRDA:30,1,0,0
BRDA:30,1,1,0
BRF:4
BRH:0
end_of_record
TN:
SF:src/containers/account/Logout.js
FN:4,(anonymous_0)
FN:7,(anonymous_1)
FN:16,(anonymous_2)
FN:24,(anonymous_3)
FNF:4
FNH:0
FNDA:0,(anonymous_0)
FNDA:0,(anonymous_1)
FNDA:0,(anonymous_2)
FNDA:0,(anonymous_3)
DA:4,4
DA:5,0
DA:6,0
DA:7,0
DA:8,0
DA:17,0
DA:18,0
DA:19,0
DA:20,0
DA:21,0
DA:25,0
DA:28,0
LF:12
LH:1
BRDA:19,0,0,0
BRDA:19,0,1,0
BRF:2
BRH:0
end_of_record
TN:
SF:src/containers/account/Register.js
FN:9,(anonymous_0)
FN:19,(anonymous_1)
FN:23,(anonymous_2)
FNF:3
FNH:3
FNDA:12,(anonymous_0)
FNDA:1,(anonymous_1)
FNDA:1,(anonymous_2)
DA:9,5
DA:10,12
DA:18,12
DA:19,12
DA:20,1
DA:23,12
DA:24,1
DA:25,1
DA:26,1
DA:33,0
DA:34,0
DA:35,0
DA:36,0
DA:38,0
DA:39,0
DA:40,0
DA:43,12
LF:17
LH:10
BRDA:34,0,0,0
BRDA:34,0,1,0
BRDA:34,1,0,0
BRDA:34,1,1,0
BRF:4
BRH:0
end_of_record
TN:
SF:src/containers/codeToCode/CodeToCode.js
FN:11,(anonymous_0)
FN:20,(anonymous_1)
FN:24,(anonymous_2)
FN:28,(anonymous_3)
FN:42,(anonymous_4)
FN:66,(anonymous_5)
FN:70,(anonymous_6)
FN:74,(anonymous_7)
FN:78,(anonymous_8)
FN:104,(anonymous_9)
FN:117,(anonymous_10)
FN:124,(anonymous_11)
FN:329,(anonymous_12)
FNF:13
FNH:7
FNDA:9,(anonymous_0)
FNDA:0,(anonymous_1)
FNDA:0,(anonymous_2)
FNDA:0,(anonymous_3)
FNDA:7,(anonymous_4)
FNDA:7,(anonymous_5)
FNDA:0,(anonymous_6)
FNDA:0,(anonymous_7)
FNDA:1,(anonymous_8)
FNDA:0,(anonymous_9)
FNDA:2,(anonymous_10)
FNDA:1,(anonymous_11)
FNDA:45,(anonymous_12)
DA:9,4
DA:11,4
DA:12,9
DA:13,9
DA:14,9
DA:15,9
DA:16,9
DA:17,9
DA:18,9
DA:20,9
DA:21,0
DA:24,9
DA:25,0
DA:28,9
DA:29,0
DA:32,9
DA:40,9
DA:42,9
DA:43,7
DA:44,7
DA:52,0
DA:53,0
DA:55,0
DA:57,0
DA:58,0
DA:59,0
DA:62,0
DA:66,9
DA:67,7
DA:70,9
DA:71,0
DA:74,9
DA:75,0
DA:78,9
DA:79,1
DA:81,1
DA:82,1
DA:86,1
DA:89,1
DA:91,1
DA:105,0
DA:106,0
DA:107,0
DA:108,0
DA:109,0
DA:117,9
DA:118,2
DA:119,2
DA:121,2
DA:124,9
DA:125,1
DA:127,1
DA:129,1
DA:143,0
DA:144,0
DA:145,0
DA:147,0
DA:148,0
DA:156,0
DA:157,0
DA:161,9
DA:330,45
LF:62
LH:38
BRDA:57,0,0,0
BRDA:57,0,1,0
BRDA:144,1,0,0
BRDA:144,1,1,0
BRF:4
BRH:0
end_of_record
TN:
SF:src/containers/codeToText/CodeToText.js
FN:11,(anonymous_0)
FN:19,(anonymous_1)
FN:23,(anonymous_2)
FN:27,(anonymous_3)
FN:39,(anonymous_4)
FN:63,(anonymous_5)
FN:67,(anonymous_6)
FN:89,(anonymous_7)
FN:99,(anonymous_8)
FN:105,(anonymous_9)
FN:262,(anonymous_10)
FNF:11
FNH:7
FNDA:11,(anonymous_0)
FNDA:0,(anonymous_1)
FNDA:0,(anonymous_2)
FNDA:0,(anonymous_3)
FNDA:9,(anonymous_4)
FNDA:9,(anonymous_5)
FNDA:1,(anonymous_6)
FNDA:0,(anonymous_7)
FNDA:2,(anonymous_8)
FNDA:1,(anonymous_9)
FNDA:55,(anonymous_10)
DA:9,4
DA:11,4
DA:12,11
DA:13,11
DA:14,11
DA:15,11
DA:16,11
DA:17,11
DA:19,11
DA:20,0
DA:23,11
DA:24,0
DA:27,11
DA:28,0
DA:31,11
DA:39,11
DA:40,9
DA:41,9
DA:50,0
DA:51,0
DA:52,0
DA:53,0
DA:54,0
DA:55,0
DA:58,0
DA:59,0
DA:63,11
DA:64,9
DA:67,11
DA:68,1
DA:69,1
DA:70,1
DA:73,1
DA:76,1
DA:78,1
DA:90,0
DA:91,0
DA:99,11
DA:100,2
DA:101,2
DA:102,2
DA:105,11
DA:106,1
DA:108,1
DA:110,1
DA:123,0
DA:124,0
DA:125,0
DA:127,0
DA:128,0
DA:136,0
DA:137,0
DA:141,11
DA:263,55
LF:54
LH:34
BRDA:53,0,0,0
BRDA:53,0,1,0
BRDA:124,1,0,0
BRDA:124,1,1,0
BRF:4
BRH:0
end_of_record
TN:
SF:src/containers/errorPage/ErrorPage.js
FN:4,(anonymous_0)
FNF:1
FNH:1
FNDA:2,(anonymous_0)
DA:4,5
DA:5,2
LF:2
LH:2
BRF:0
BRH:0
end_of_record
TN:
SF:src/containers/feedback/Feedback.js
FN:5,(anonymous_0)
FN:11,(anonymous_1)
FN:35,(anonymous_2)
FN:59,(anonymous_3)
FN:62,(anonymous_4)
FNF:5
FNH:3
FNDA:3,(anonymous_0)
FNDA:3,(anonymous_1)
FNDA:3,(anonymous_2)
FNDA:0,(anonymous_3)
FNDA:0,(anonymous_4)
DA:5,5
DA:7,3
DA:9,3
DA:11,3
DA:12,3
DA:13,3
DA:22,0
DA:23,0
DA:25,0
DA:26,0
DA:27,0
DA:30,0
DA:31,0
DA:35,3
DA:36,3
DA:39,3
DA:60,0
DA:63,0
LF:18
LH:9
BRDA:25,0,0,0
BRDA:25,0,1,0
BRDA:62,1,0,0
BRDA:62,1,1,0
BRF:4
BRH:0
end_of_record
TN:
SF:src/containers/home/Home.js
FN:11,(anonymous_0)
FNF:1
FNH:1
FNDA:10,(anonymous_0)
DA:11,5
DA:12,10
LF:2
LH:2
BRF:0
BRH:0
end_of_record
TN:
SF:src/containers/textToCode/TextToCode.js
FN:11,(anonymous_0)
FN:19,(anonymous_1)
FN:23,(anonymous_2)
FN:27,(anonymous_3)
FN:41,(anonymous_4)
FN:66,(anonymous_5)
FN:70,(anonymous_6)
FN:74,(anonymous_7)
FN:101,(anonymous_8)
FN:112,(anonymous_9)
FN:118,(anonymous_10)
FN:298,(anonymous_11)
FNF:12
FNH:8
FNDA:13,(anonymous_0)
FNDA:0,(anonymous_1)
FNDA:0,(anonymous_2)
FNDA:0,(anonymous_3)
FNDA:9,(anonymous_4)
FNDA:9,(anonymous_5)
FNDA:2,(anonymous_6)
FNDA:1,(anonymous_7)
FNDA:0,(anonymous_8)
FNDA:2,(anonymous_9)
FNDA:1,(anonymous_10)
FNDA:65,(anonymous_11)
DA:9,4
DA:11,4
DA:12,13
DA:13,13
DA:14,13
DA:15,13
DA:16,13
DA:17,13
DA:19,13
DA:20,0
DA:23,13
DA:24,0
DA:27,13
DA:28,0
DA:31,13
DA:39,13
DA:41,13
DA:42,9
DA:43,9
DA:51,0
DA:53,0
DA:55,0
DA:57,0
DA:58,0
DA:59,0
DA:62,0
DA:66,13
DA:67,9
DA:70,13
DA:71,2
DA:74,13
DA:75,1
DA:77,1
DA:78,1
DA:82,1
DA:86,1
DA:88,1
DA:102,0
DA:103,0
DA:104,0
DA:112,13
DA:113,2
DA:114,2
DA:115,2
DA:118,13
DA:119,1
DA:121,1
DA:123,1
DA:137,0
DA:138,0
DA:139,0
DA:141,0
DA:142,0
DA:150,0
DA:151,0
DA:155,13
DA:299,65
LF:57
LH:37
BRDA:57,0,0,0
BRDA:57,0,1,0
BRDA:138,1,0,0
BRDA:138,1,1,0
BRF:4
BRH:0
end_of_record
TN:
SF:src/reducer/UseReducer.js
FN:3,(anonymous_0)
FNF:1
FNH:0
FNDA:0,(anonymous_0)
DA:1,4
DA:3,4
DA:4,0
DA:5,0
DA:8,0
LF:5
LH:2
BRDA:4,0,0,0
BRDA:4,0,1,0
BRF:2
BRH:0
end_of_record
